<?xml version="1.0" encoding="UTF-8"?>
<!-- Generated by org.testng.reporters.JUnitReportReporter -->
<testsuite hostname="IN-BHAVISHNU" name="com.test.MyTest" tests="1" failures="0" timestamp="30 Jan 2019 12:32:06 GMT" time="78.550" errors="0">
  <testcase name="testcase" time="78.550" classname="com.test.MyTest"/>
</testsuite> <!-- com.test.MyTest -->
